<?xml version="1.0" encoding="UTF-8"?>
<!-- Generated by org.testng.reporters.JUnitReportReporter -->
<testsuite hostname="STFCMHHRD104" name="Demo.TakeLogin" tests="1" failures="0" timestamp="29 Aug 2018 09:10:23 GMT" time="16.365" errors="0">
  <testcase name="callLoginpage" time="16.365" classname="Demo.TakeLogin"/>
</testsuite> <!-- Demo.TakeLogin -->
