<?xml version="1.0" encoding="UTF-8"?>
<!-- Generated by org.testng.reporters.JUnitReportReporter -->
<testsuite hostname="STFCMHHRD104" name="Demo.TakeLogin2" tests="1" failures="0" timestamp="29 Aug 2018 09:44:55 GMT" time="19.107" errors="0">
  <testcase name="callLoginpage" time="19.107" classname="Demo.TakeLogin2"/>
</testsuite> <!-- Demo.TakeLogin2 -->
